c:\users\nesli\onedrive\dokumenter\3d prog\compulsory_1\compulsory_1\x64\debug\vc143.pdb
c:\users\nesli\onedrive\dokumenter\3d prog\compulsory_1\compulsory_1\x64\debug\vc143.idb
c:\users\nesli\onedrive\dokumenter\3d prog\compulsory_1\compulsory_1\x64\debug\task_2.obj
c:\users\nesli\onedrive\dokumenter\3d prog\compulsory_1\compulsory_1\x64\debug\task_1.obj
c:\users\nesli\onedrive\dokumenter\3d prog\compulsory_1\compulsory_1\x64\debug\main.obj
c:\users\nesli\onedrive\dokumenter\3d prog\compulsory_1\compulsory_1\x64\debug\shader.obj
c:\users\nesli\onedrive\dokumenter\3d prog\compulsory_1\compulsory_1\x64\debug\compulsory_1.exe
c:\users\nesli\onedrive\dokumenter\3d prog\compulsory_1\compulsory_1\x64\debug\compulsory_1.ilk
c:\users\nesli\onedrive\dokumenter\3d prog\compulsory_1\compulsory_1\x64\debug\compulsory_1.pdb
c:\users\nesli\onedrive\dokumenter\3d prog\compulsory_1\compulsory_1\x64\debug\compulsory_1.tlog\cl.command.1.tlog
c:\users\nesli\onedrive\dokumenter\3d prog\compulsory_1\compulsory_1\x64\debug\compulsory_1.tlog\cl.items.tlog
c:\users\nesli\onedrive\dokumenter\3d prog\compulsory_1\compulsory_1\x64\debug\compulsory_1.tlog\cl.read.1.tlog
c:\users\nesli\onedrive\dokumenter\3d prog\compulsory_1\compulsory_1\x64\debug\compulsory_1.tlog\cl.write.1.tlog
c:\users\nesli\onedrive\dokumenter\3d prog\compulsory_1\compulsory_1\x64\debug\compulsory_1.tlog\link-cvtres.read.1.tlog
c:\users\nesli\onedrive\dokumenter\3d prog\compulsory_1\compulsory_1\x64\debug\compulsory_1.tlog\link-cvtres.write.1.tlog
c:\users\nesli\onedrive\dokumenter\3d prog\compulsory_1\compulsory_1\x64\debug\compulsory_1.tlog\link-rc.read.1.tlog
c:\users\nesli\onedrive\dokumenter\3d prog\compulsory_1\compulsory_1\x64\debug\compulsory_1.tlog\link-rc.write.1.tlog
c:\users\nesli\onedrive\dokumenter\3d prog\compulsory_1\compulsory_1\x64\debug\compulsory_1.tlog\link.26436-cvtres.read.1.tlog
c:\users\nesli\onedrive\dokumenter\3d prog\compulsory_1\compulsory_1\x64\debug\compulsory_1.tlog\link.26436-cvtres.write.1.tlog
c:\users\nesli\onedrive\dokumenter\3d prog\compulsory_1\compulsory_1\x64\debug\compulsory_1.tlog\link.26436-rc.read.1.tlog
c:\users\nesli\onedrive\dokumenter\3d prog\compulsory_1\compulsory_1\x64\debug\compulsory_1.tlog\link.26436-rc.write.1.tlog
c:\users\nesli\onedrive\dokumenter\3d prog\compulsory_1\compulsory_1\x64\debug\compulsory_1.tlog\link.26436.read.1.tlog
c:\users\nesli\onedrive\dokumenter\3d prog\compulsory_1\compulsory_1\x64\debug\compulsory_1.tlog\link.26436.read.2.tlog
c:\users\nesli\onedrive\dokumenter\3d prog\compulsory_1\compulsory_1\x64\debug\compulsory_1.tlog\link.26436.read.3.tlog
c:\users\nesli\onedrive\dokumenter\3d prog\compulsory_1\compulsory_1\x64\debug\compulsory_1.tlog\link.26436.read.4.tlog
c:\users\nesli\onedrive\dokumenter\3d prog\compulsory_1\compulsory_1\x64\debug\compulsory_1.tlog\link.26436.write.1.tlog
c:\users\nesli\onedrive\dokumenter\3d prog\compulsory_1\compulsory_1\x64\debug\compulsory_1.tlog\link.command.1.tlog
c:\users\nesli\onedrive\dokumenter\3d prog\compulsory_1\compulsory_1\x64\debug\compulsory_1.tlog\link.read.1.tlog
c:\users\nesli\onedrive\dokumenter\3d prog\compulsory_1\compulsory_1\x64\debug\compulsory_1.tlog\link.read.2.tlog
c:\users\nesli\onedrive\dokumenter\3d prog\compulsory_1\compulsory_1\x64\debug\compulsory_1.tlog\link.read.3.tlog
c:\users\nesli\onedrive\dokumenter\3d prog\compulsory_1\compulsory_1\x64\debug\compulsory_1.tlog\link.read.4.tlog
c:\users\nesli\onedrive\dokumenter\3d prog\compulsory_1\compulsory_1\x64\debug\compulsory_1.tlog\link.write.1.tlog
